<?xml version="1.0" encoding="UTF-8"?>
<!-- Generated by org.testng.reporters.JUnitReportReporter -->
<testsuite hostname="Pratik" failures="0" tests="20" name="Pays.posfinaltesting.CategoriesandItemsTest" time="188.478" errors="0" timestamp="2025-04-03T19:28:13 IST" skipped="0">
  <testcase classname="Pays.posfinaltesting.CategoriesandItemsTest" name="Categories_SaveCategory" time="4.399"/>
  <testcase classname="Pays.posfinaltesting.CategoriesandItemsTest" name="Modifiers_SetModifiersInfo" time="10.724"/>
  <testcase classname="Pays.posfinaltesting.CategoriesandItemsTest" name="Modifiers_ClickModifiers" time="0.220"/>
  <testcase classname="Pays.posfinaltesting.CategoriesandItemsTest" name="Categories_CreateCategoriesClick" time="1.092"/>
  <testcase classname="Pays.posfinaltesting.CategoriesandItemsTest" name="Categories_SetCategoryname" time="3.423"/>
  <testcase classname="Pays.posfinaltesting.CategoriesandItemsTest" name="DeleteCategory_DeleteCategory" time="5.674"/>
  <testcase classname="Pays.posfinaltesting.CategoriesandItemsTest" name="Login" time="14.821"/>
  <testcase classname="Pays.posfinaltesting.CategoriesandItemsTest" name="DeleteCategory_Select_Categories" time="12.351"/>
  <testcase classname="Pays.posfinaltesting.CategoriesandItemsTest" name="Items_Transaction" time="28.225"/>
  <testcase classname="Pays.posfinaltesting.CategoriesandItemsTest" name="DeleteModifier_SelectModifier" time="4.379"/>
  <testcase classname="Pays.posfinaltesting.CategoriesandItemsTest" name="DeleteModifiers_ClickModifiers" time="0.282"/>
  <testcase classname="Pays.posfinaltesting.CategoriesandItemsTest" name="DeleteItem_DeleteItems" time="38.824"/>
  <testcase classname="Pays.posfinaltesting.CategoriesandItemsTest" name="Categories_Select_Categories" time="11.390"/>
  <testcase classname="Pays.posfinaltesting.CategoriesandItemsTest" name="Items_SetItem" time="32.138"/>
  <testcase classname="Pays.posfinaltesting.CategoriesandItemsTest" name="Items_Home" time="5.836"/>
  <testcase classname="Pays.posfinaltesting.CategoriesandItemsTest" name="Categories_CheckIfCategoryIsAdded" time="8.468"/>
  <testcase classname="Pays.posfinaltesting.CategoriesandItemsTest" name="Items_AddItems" time="1.211"/>
  <testcase classname="Pays.posfinaltesting.CategoriesandItemsTest" name="DeleteItem_ClickItem" time="0.189"/>
  <testcase classname="Pays.posfinaltesting.CategoriesandItemsTest" name="Modifiers_ClickCreate" time="1.017"/>
  <testcase classname="Pays.posfinaltesting.CategoriesandItemsTest" name="Items_SelectPay" time="3.815"/>
</testsuite> <!-- Pays.posfinaltesting.CategoriesandItemsTest -->
