<?xml version="1.0" encoding="UTF-8"?>
<!-- Generated by org.testng.reporters.JUnitReportReporter -->
<testsuite hostname="Pratik" failures="0" tests="6" name="Pays.posfinaltesting.PrinterTest" time="47.961" errors="0" timestamp="2025-04-03T14:48:50 IST" skipped="0">
  <testcase classname="Pays.posfinaltesting.PrinterTest" name="Printer_setup" time="26.648"/>
  <testcase classname="Pays.posfinaltesting.PrinterTest" name="ChangePrinterUse" time="4.863"/>
  <testcase classname="Pays.posfinaltesting.PrinterTest" name="CheckKitchenPrinter" time="2.062"/>
  <testcase classname="Pays.posfinaltesting.PrinterTest" name="Check_InnerPrinter" time="2.781"/>
  <testcase classname="Pays.posfinaltesting.PrinterTest" name="InnerPrinter" time="10.763"/>
  <testcase classname="Pays.posfinaltesting.PrinterTest" name="ClickonEdit" time="0.844"/>
</testsuite> <!-- Pays.posfinaltesting.PrinterTest -->
