<?xml version="1.0" encoding="UTF-8"?>
<!-- Generated by org.testng.reporters.JUnitReportReporter -->
<testsuite hostname="Pratik" failures="0" tests="2" name="Pays.posfinaltesting.Loginbasic" time="22.021" errors="0" timestamp="2025-03-10T09:14:25 IST" skipped="0">
  <testcase classname="Pays.posfinaltesting.Loginbasic" name="Passcode" time="7.817"/>
  <testcase classname="Pays.posfinaltesting.Loginbasic" name="LogintoApp" time="14.204"/>
</testsuite> <!-- Pays.posfinaltesting.Loginbasic -->
