<?xml version="1.0" encoding="UTF-8"?>
<!-- Generated by org.testng.reporters.JUnitReportReporter -->
<testsuite hostname="Pratik" failures="0" tests="2" name="Pays.posfinaltesting.LoginPasscodeTest" time="23.180" errors="0" timestamp="2025-04-02T15:49:43 IST" skipped="0">
  <testcase classname="Pays.posfinaltesting.LoginPasscodeTest" name="Passcode" time="9.868"/>
  <testcase classname="Pays.posfinaltesting.LoginPasscodeTest" name="LogintoApp" time="13.312"/>
</testsuite> <!-- Pays.posfinaltesting.LoginPasscodeTest -->
